build2/url_launcher_android/intermediates/manifest_merge_blame_file/debug/manifest-merger-blame-debug-report.txt
1<?xml version="1.0" encoding="utf-8"?>
2<manifest xmlns:android="http://schemas.android.com/apk/res/android"
3    package="io.flutter.plugins.urllauncher" >
4
5    <uses-sdk
6        android:minSdkVersion="16"
6-->src\main\AndroidManifest.xml
7        android:targetSdkVersion="16" />
7-->src\main\AndroidManifest.xml
8
9    <application>
9-->src\main\AndroidManifest.xml:3:3-7:17
10        <activity
10-->src\main\AndroidManifest.xml:4:5-6:33
11            android:name="io.flutter.plugins.urllauncher.WebViewActivity"
11-->src\main\AndroidManifest.xml:4:15-76
12            android:exported="false"
12-->src\main\AndroidManifest.xml:6:7-31
13            android:theme="@android:style/Theme.NoTitleBar.Fullscreen" />
13-->src\main\AndroidManifest.xml:5:7-65
14    </application>
15
16</manifest>